TN:
SF:/Users/wangdonghai/Documents/WDH_library/myProject/node/node-learn/lesson6 test/main.js
FN:1,(anonymous_1)
FNF:1
FNH:1
FNDA:359,(anonymous_1)
DA:1,1
DA:2,359
DA:3,1
DA:5,358
DA:6,1
DA:8,357
DA:9,1
DA:11,356
DA:12,69
DA:14,287
DA:15,111
DA:18,176
DA:21,1
DA:24,0
DA:25,0
DA:28,1
LF:16
LH:14
BRDA:2,1,0,1
BRDA:2,1,1,358
BRDA:5,2,0,1
BRDA:5,2,1,357
BRDA:8,3,0,1
BRDA:8,3,1,356
BRDA:11,4,0,69
BRDA:11,4,1,287
BRDA:14,5,0,111
BRDA:14,5,1,176
BRDA:21,6,0,0
BRDA:21,6,1,1
BRF:12
BRH:11
end_of_record
